[2012-12-27 14:27:15,830] [INFO,com.legacytojava.jbatch.JbMain:210] getAppContext() - running standalone, load standalone xmls
[2012-12-27 14:27:15,830] [INFO,com.legacytojava.jbatch.JbMain:210] getAppContext() - running standalone, load standalone xmls
[2012-12-27 14:27:15,914] [INFO,org.springframework.context.support.ClassPathXmlApplicationContext:510] Refreshing org.springframework.context.support.ClassPathXmlApplicationContext@c75e4fc: startup date [Thu Dec 27 14:27:15 EST 2012]; root of context hierarchy
[2012-12-27 14:27:15,914] [INFO,org.springframework.context.support.ClassPathXmlApplicationContext:510] Refreshing org.springframework.context.support.ClassPathXmlApplicationContext@c75e4fc: startup date [Thu Dec 27 14:27:15 EST 2012]; root of context hierarchy
[2012-12-27 14:27:15,965] [INFO,org.springframework.beans.factory.xml.XmlBeanDefinitionReader:315] Loading XML bean definitions from class path resource [spring-bo_jms-config.xml]
[2012-12-27 14:27:15,965] [INFO,org.springframework.beans.factory.xml.XmlBeanDefinitionReader:315] Loading XML bean definitions from class path resource [spring-bo_jms-config.xml]
[2012-12-27 14:27:16,098] [INFO,org.springframework.beans.factory.xml.XmlBeanDefinitionReader:315] Loading XML bean definitions from class path resource [spring-mysql_ds-config.xml]
[2012-12-27 14:27:16,098] [INFO,org.springframework.beans.factory.xml.XmlBeanDefinitionReader:315] Loading XML bean definitions from class path resource [spring-mysql_ds-config.xml]
[2012-12-27 14:27:16,173] [INFO,org.springframework.beans.factory.xml.XmlBeanDefinitionReader:315] Loading XML bean definitions from class path resource [spring-dao-config.xml]
[2012-12-27 14:27:16,173] [INFO,org.springframework.beans.factory.xml.XmlBeanDefinitionReader:315] Loading XML bean definitions from class path resource [spring-dao-config.xml]
[2012-12-27 14:27:16,394] [INFO,org.springframework.beans.factory.support.DefaultListableBeanFactory:577] Pre-instantiating singletons in org.springframework.beans.factory.support.DefaultListableBeanFactory@6a6779e6: defining beans [jtaTransactionManager,jmsTransactionManager,jndiTemplate,jmsConnectionFactory,mailReaderOutput,ruleEngineInput,ruleEngineOutput,mailSenderInput,mailSenderOutput,customerCareInput,rmaRequestInput,unHandledOutput,destination,jmsTemplate,jmsTemplateDefaultDest,mailReaderOutputJmsTemplate,ruleEngineInputJmsTemplate,ruleEngineOutputJmsTemplate,mailSenderInputJmsTemplate,mailSenderOutputJmsTemplate,customerCareInputJmsTemplate,rmaRequestInputJmsTemplate,unHandledOutputJmsTemplate,jmsProcessor,jmsSender,jmsReceiver,smtpProperties,simpleEmailSender,customerBo,rulesDataBo,renderBo,msgOutboxBo,msgInboxBo,ruleLoader,messageParser,mailingListBo,customerSignupBo,taskBaseBo,activateBo,assignRuleNameBo,autoReplyBo,bounceBo,broadcastBo,closeBo,csrReplyBo,deliveryErrorBo,dropBo,forwardBo,mailingListRegExBo,openBo,saveBo,sendMailBo,subscribeBo,suspendBo,toCsrBo,toSecurityBo,unsubscribeBo,mysqlTransactionManager,mysqlDataSource,initDataSource,dsTxAdviceEmailAddr,org.springframework.aop.config.internalAutoProxyCreator,emailAddrOperation,org.springframework.aop.support.DefaultBeanFactoryPointcutAdvisor#0,dsTxAdvice,daoOperation,org.springframework.aop.support.DefaultBeanFactoryPointcutAdvisor#1,boOperation,org.springframework.aop.support.DefaultBeanFactoryPointcutAdvisor#2,boBaseOperation,org.springframework.aop.support.DefaultBeanFactoryPointcutAdvisor#3,idTokensDao,emailAddrDao,mailingListDao,subscriptionDao,emailVariableDao,emailTemplateDao,unsubCommentsDao,mailBoxDao,clientDao,reloadFlagsDao,customerDao,custSequenceDao,ruleElementDao,ruleLogicDao,ruleSubRuleMapDao,ruleDao,globalVariableDao,clientVariableDao,templateVariableDao,subjTemplateDao,bodyTemplateDao,msgSourceDao,deliveryStatusDao,renderVariableDao,renderAttachmentDao,renderObjectDao,msgRenderedDao,msgSequenceDao,msgUnreadCountDao,msgDataTypeDao,msgActionDao,msgActionDetailDao,msgInboxDao,msgAddrsDao,attachmentsDao,msgStreamDao,msgHeadersDao,rfcFieldsDao,msgActionLogsDao,msgClickCountsDao,msgUnsubCommentsDao,smtpServerDao,mailSenderPropsDao,socketServerDao,timerServerDao,duplicateCheck,userDao,sessionUploadDao]; root of factory hierarchy
[2012-12-27 14:27:16,394] [INFO,org.springframework.beans.factory.support.DefaultListableBeanFactory:577] Pre-instantiating singletons in org.springframework.beans.factory.support.DefaultListableBeanFactory@6a6779e6: defining beans [jtaTransactionManager,jmsTransactionManager,jndiTemplate,jmsConnectionFactory,mailReaderOutput,ruleEngineInput,ruleEngineOutput,mailSenderInput,mailSenderOutput,customerCareInput,rmaRequestInput,unHandledOutput,destination,jmsTemplate,jmsTemplateDefaultDest,mailReaderOutputJmsTemplate,ruleEngineInputJmsTemplate,ruleEngineOutputJmsTemplate,mailSenderInputJmsTemplate,mailSenderOutputJmsTemplate,customerCareInputJmsTemplate,rmaRequestInputJmsTemplate,unHandledOutputJmsTemplate,jmsProcessor,jmsSender,jmsReceiver,smtpProperties,simpleEmailSender,customerBo,rulesDataBo,renderBo,msgOutboxBo,msgInboxBo,ruleLoader,messageParser,mailingListBo,customerSignupBo,taskBaseBo,activateBo,assignRuleNameBo,autoReplyBo,bounceBo,broadcastBo,closeBo,csrReplyBo,deliveryErrorBo,dropBo,forwardBo,mailingListRegExBo,openBo,saveBo,sendMailBo,subscribeBo,suspendBo,toCsrBo,toSecurityBo,unsubscribeBo,mysqlTransactionManager,mysqlDataSource,initDataSource,dsTxAdviceEmailAddr,org.springframework.aop.config.internalAutoProxyCreator,emailAddrOperation,org.springframework.aop.support.DefaultBeanFactoryPointcutAdvisor#0,dsTxAdvice,daoOperation,org.springframework.aop.support.DefaultBeanFactoryPointcutAdvisor#1,boOperation,org.springframework.aop.support.DefaultBeanFactoryPointcutAdvisor#2,boBaseOperation,org.springframework.aop.support.DefaultBeanFactoryPointcutAdvisor#3,idTokensDao,emailAddrDao,mailingListDao,subscriptionDao,emailVariableDao,emailTemplateDao,unsubCommentsDao,mailBoxDao,clientDao,reloadFlagsDao,customerDao,custSequenceDao,ruleElementDao,ruleLogicDao,ruleSubRuleMapDao,ruleDao,globalVariableDao,clientVariableDao,templateVariableDao,subjTemplateDao,bodyTemplateDao,msgSourceDao,deliveryStatusDao,renderVariableDao,renderAttachmentDao,renderObjectDao,msgRenderedDao,msgSequenceDao,msgUnreadCountDao,msgDataTypeDao,msgActionDao,msgActionDetailDao,msgInboxDao,msgAddrsDao,attachmentsDao,msgStreamDao,msgHeadersDao,rfcFieldsDao,msgActionLogsDao,msgClickCountsDao,msgUnsubCommentsDao,smtpServerDao,mailSenderPropsDao,socketServerDao,timerServerDao,duplicateCheck,userDao,sessionUploadDao]; root of factory hierarchy
[2012-12-27 14:27:16,588] [DEBUG,org.jnp.interfaces.TimedSocketFactory:228] createSocket, hostAddr: localhost/127.0.0.1, port: 2099, localAddr: null, localPort: 0, timeout: 0
[2012-12-27 14:27:17,036] [INFO,org.springframework.jdbc.datasource.DriverManagerDataSource:153] Loaded JDBC driver: com.mysql.jdbc.Driver
[2012-12-27 14:27:17,036] [INFO,org.springframework.jdbc.datasource.DriverManagerDataSource:153] Loaded JDBC driver: com.mysql.jdbc.Driver
[2012-12-27 14:27:17,455] [INFO,org.springframework.jdbc.datasource.DriverManagerDataSource:153] Loaded JDBC driver: com.mysql.jdbc.Driver
[2012-12-27 14:27:17,455] [INFO,org.springframework.jdbc.datasource.DriverManagerDataSource:153] Loaded JDBC driver: com.mysql.jdbc.Driver
[2012-12-27 14:27:17,995] [DEBUG,com.legacytojava.message.bo.customer.CustomerSignupBoImpl:46] signUpAndSubscribe() - Entering..., listId: SMPLLST1
[2012-12-27 14:27:17,995] [DEBUG,com.legacytojava.message.bo.customer.CustomerSignupBoImpl:46] signUpAndSubscribe() - Entering..., listId: SMPLLST1
[2012-12-27 14:27:18,026] [DEBUG,com.legacytojava.message.bo.mailinglist.MailingListBoImpl:236] subscribe() -  emailAddr: jwang@localhost, listAddr: SMPLLST1
[2012-12-27 14:27:18,026] [DEBUG,com.legacytojava.message.bo.mailinglist.MailingListBoImpl:236] subscribe() -  emailAddr: jwang@localhost, listAddr: SMPLLST1
[2012-12-27 14:27:18,032] [INFO,com.legacytojava.message.bo.mailinglist.MailingListBoImpl:332] jwang@localhost added to list: SMPLLST1
[2012-12-27 14:27:18,032] [INFO,com.legacytojava.message.bo.mailinglist.MailingListBoImpl:332] jwang@localhost added to list: SMPLLST1
[2012-12-27 14:27:18,033] [INFO,com.legacytojava.message.bo.customer.CustomerSignupBoTest:65] Number of rows added: 1
[2012-12-27 14:27:18,033] [INFO,com.legacytojava.message.bo.customer.CustomerSignupBoTest:65] Number of rows added: 1
[2012-12-27 14:27:18,033] [DEBUG,com.legacytojava.message.bo.customer.CustomerSignupBoImpl:77] removeFromList() - Entering..., emailAddr/listId: jwang@localhost/SMPLLST1
[2012-12-27 14:27:18,033] [DEBUG,com.legacytojava.message.bo.customer.CustomerSignupBoImpl:77] removeFromList() - Entering..., emailAddr/listId: jwang@localhost/SMPLLST1
[2012-12-27 14:27:18,041] [DEBUG,com.legacytojava.message.bo.mailinglist.MailingListBoImpl:243] unSubscribe() - emailAddr: jwang@localhost, listAddr: SMPLLST1
[2012-12-27 14:27:18,041] [DEBUG,com.legacytojava.message.bo.mailinglist.MailingListBoImpl:243] unSubscribe() - emailAddr: jwang@localhost, listAddr: SMPLLST1
[2012-12-27 14:27:18,047] [INFO,com.legacytojava.message.bo.mailinglist.MailingListBoImpl:336] jwang@localhost removed from list: SMPLLST1
[2012-12-27 14:27:18,047] [INFO,com.legacytojava.message.bo.mailinglist.MailingListBoImpl:336] jwang@localhost removed from list: SMPLLST1
[2012-12-27 14:27:18,048] [INFO,com.legacytojava.message.bo.customer.CustomerSignupBoTest:77] Number of rows removed: 1
[2012-12-27 14:27:18,048] [INFO,com.legacytojava.message.bo.customer.CustomerSignupBoTest:77] Number of rows removed: 1
[2012-12-27 14:27:18,048] [DEBUG,com.legacytojava.message.bo.customer.CustomerSignupBoImpl:60] addToList() - Entering..., emailAddr/listId: jwang@localhost/SMPLLST1
[2012-12-27 14:27:18,048] [DEBUG,com.legacytojava.message.bo.customer.CustomerSignupBoImpl:60] addToList() - Entering..., emailAddr/listId: jwang@localhost/SMPLLST1
[2012-12-27 14:27:18,056] [DEBUG,com.legacytojava.message.bo.mailinglist.MailingListBoImpl:236] subscribe() -  emailAddr: jwang@localhost, listAddr: SMPLLST1
[2012-12-27 14:27:18,056] [DEBUG,com.legacytojava.message.bo.mailinglist.MailingListBoImpl:236] subscribe() -  emailAddr: jwang@localhost, listAddr: SMPLLST1
[2012-12-27 14:27:18,062] [INFO,com.legacytojava.message.bo.mailinglist.MailingListBoImpl:332] jwang@localhost added to list: SMPLLST1
[2012-12-27 14:27:18,062] [INFO,com.legacytojava.message.bo.mailinglist.MailingListBoImpl:332] jwang@localhost added to list: SMPLLST1
[2012-12-27 14:27:18,062] [INFO,com.legacytojava.message.bo.customer.CustomerSignupBoTest:71] Number of rows added: 1
[2012-12-27 14:27:18,062] [INFO,com.legacytojava.message.bo.customer.CustomerSignupBoTest:71] Number of rows added: 1
